<?xml version="1.0" encoding="UTF-8"?>
<testsuite xmlns:xsi="http://www.w3.org/2001/XMLSchema-instance" xsi:noNamespaceSchemaLocation="https://maven.apache.org/surefire/maven-surefire-plugin/xsd/surefire-test-report-3.0.xsd" version="3.0" name="com.mytutor.demo.DemoApplicationTests" time="32.278" tests="5" errors="0" skipped="0" failures="0">
  <properties>
    <property name="java.specification.version" value="20"/>
    <property name="sun.cpu.isalist" value="amd64"/>
    <property name="sun.jnu.encoding" value="Cp1252"/>
    <property name="java.class.path" value="C:\Users\samnt\OneDrive - University of Cape Town\Documents\project_start_up-Mduduzi\project_start_up-Mduduzi\demo\target\test-classes;C:\Users\samnt\OneDrive - University of Cape Town\Documents\project_start_up-Mduduzi\project_start_up-Mduduzi\demo\target\classes;C:\Users\samnt\.m2\repository\org\springframework\boot\spring-boot-starter-actuator\3.2.0-SNAPSHOT\spring-boot-starter-actuator-3.2.0-SNAPSHOT.jar;C:\Users\samnt\.m2\repository\org\springframework\boot\spring-boot-starter\3.2.0-SNAPSHOT\spring-boot-starter-3.2.0-SNAPSHOT.jar;C:\Users\samnt\.m2\repository\org\springframework\boot\spring-boot\3.2.0-SNAPSHOT\spring-boot-3.2.0-SNAPSHOT.jar;C:\Users\samnt\.m2\repository\org\springframework\boot\spring-boot-starter-logging\3.2.0-SNAPSHOT\spring-boot-starter-logging-3.2.0-SNAPSHOT.jar;C:\Users\samnt\.m2\repository\ch\qos\logback\logback-classic\1.4.11\logback-classic-1.4.11.jar;C:\Users\samnt\.m2\repository\ch\qos\logback\logback-core\1.4.11\logback-core-1.4.11.jar;C:\Users\samnt\.m2\repository\org\apache\logging\log4j\log4j-to-slf4j\2.20.0\log4j-to-slf4j-2.20.0.jar;C:\Users\samnt\.m2\repository\org\apache\logging\log4j\log4j-api\2.20.0\log4j-api-2.20.0.jar;C:\Users\samnt\.m2\repository\org\slf4j\jul-to-slf4j\2.0.9\jul-to-slf4j-2.0.9.jar;C:\Users\samnt\.m2\repository\jakarta\annotation\jakarta.annotation-api\2.1.1\jakarta.annotation-api-2.1.1.jar;C:\Users\samnt\.m2\repository\org\yaml\snakeyaml\2.2\snakeyaml-2.2.jar;C:\Users\samnt\.m2\repository\org\springframework\boot\spring-boot-actuator-autoconfigure\3.2.0-SNAPSHOT\spring-boot-actuator-autoconfigure-3.2.0-SNAPSHOT.jar;C:\Users\samnt\.m2\repository\org\springframework\boot\spring-boot-actuator\3.2.0-SNAPSHOT\spring-boot-actuator-3.2.0-SNAPSHOT.jar;C:\Users\samnt\.m2\repository\com\fasterxml\jackson\core\jackson-databind\2.15.2\jackson-databind-2.15.2.jar;C:\Users\samnt\.m2\repository\com\fasterxml\jackson\core\jackson-annotations\2.15.2\jackson-annotations-2.15.2.jar;C:\Users\samnt\.m2\repository\com\fasterxml\jackson\core\jackson-core\2.15.2\jackson-core-2.15.2.jar;C:\Users\samnt\.m2\repository\com\fasterxml\jackson\datatype\jackson-datatype-jsr310\2.15.2\jackson-datatype-jsr310-2.15.2.jar;C:\Users\samnt\.m2\repository\io\micrometer\micrometer-observation\1.12.0-M3\micrometer-observation-1.12.0-M3.jar;C:\Users\samnt\.m2\repository\io\micrometer\micrometer-commons\1.12.0-M3\micrometer-commons-1.12.0-M3.jar;C:\Users\samnt\.m2\repository\io\micrometer\micrometer-core\1.12.0-M3\micrometer-core-1.12.0-M3.jar;C:\Users\samnt\.m2\repository\org\hdrhistogram\HdrHistogram\2.1.12\HdrHistogram-2.1.12.jar;C:\Users\samnt\.m2\repository\org\latencyutils\LatencyUtils\2.0.3\LatencyUtils-2.0.3.jar;C:\Users\samnt\.m2\repository\org\springframework\boot\spring-boot-starter-test\3.2.0-SNAPSHOT\spring-boot-starter-test-3.2.0-SNAPSHOT.jar;C:\Users\samnt\.m2\repository\org\springframework\boot\spring-boot-test\3.2.0-SNAPSHOT\spring-boot-test-3.2.0-SNAPSHOT.jar;C:\Users\samnt\.m2\repository\org\springframework\boot\spring-boot-test-autoconfigure\3.2.0-SNAPSHOT\spring-boot-test-autoconfigure-3.2.0-SNAPSHOT.jar;C:\Users\samnt\.m2\repository\com\jayway\jsonpath\json-path\2.8.0\json-path-2.8.0.jar;C:\Users\samnt\.m2\repository\jakarta\xml\bind\jakarta.xml.bind-api\4.0.1\jakarta.xml.bind-api-4.0.1.jar;C:\Users\samnt\.m2\repository\jakarta\activation\jakarta.activation-api\2.1.2\jakarta.activation-api-2.1.2.jar;C:\Users\samnt\.m2\repository\net\minidev\json-smart\2.5.0\json-smart-2.5.0.jar;C:\Users\samnt\.m2\repository\net\minidev\accessors-smart\2.5.0\accessors-smart-2.5.0.jar;C:\Users\samnt\.m2\repository\org\ow2\asm\asm\9.3\asm-9.3.jar;C:\Users\samnt\.m2\repository\org\assertj\assertj-core\3.24.2\assertj-core-3.24.2.jar;C:\Users\samnt\.m2\repository\net\bytebuddy\byte-buddy\1.14.8\byte-buddy-1.14.8.jar;C:\Users\samnt\.m2\repository\org\hamcrest\hamcrest\2.2\hamcrest-2.2.jar;C:\Users\samnt\.m2\repository\org\junit\jupiter\junit-jupiter\5.10.0\junit-jupiter-5.10.0.jar;C:\Users\samnt\.m2\repository\org\junit\jupiter\junit-jupiter-api\5.10.0\junit-jupiter-api-5.10.0.jar;C:\Users\samnt\.m2\repository\org\opentest4j\opentest4j\1.3.0\opentest4j-1.3.0.jar;C:\Users\samnt\.m2\repository\org\junit\platform\junit-platform-commons\1.10.0\junit-platform-commons-1.10.0.jar;C:\Users\samnt\.m2\repository\org\apiguardian\apiguardian-api\1.1.2\apiguardian-api-1.1.2.jar;C:\Users\samnt\.m2\repository\org\junit\jupiter\junit-jupiter-params\5.10.0\junit-jupiter-params-5.10.0.jar;C:\Users\samnt\.m2\repository\org\junit\jupiter\junit-jupiter-engine\5.10.0\junit-jupiter-engine-5.10.0.jar;C:\Users\samnt\.m2\repository\org\junit\platform\junit-platform-engine\1.10.0\junit-platform-engine-1.10.0.jar;C:\Users\samnt\.m2\repository\org\mockito\mockito-core\5.5.0\mockito-core-5.5.0.jar;C:\Users\samnt\.m2\repository\net\bytebuddy\byte-buddy-agent\1.14.8\byte-buddy-agent-1.14.8.jar;C:\Users\samnt\.m2\repository\org\objenesis\objenesis\3.3\objenesis-3.3.jar;C:\Users\samnt\.m2\repository\org\mockito\mockito-junit-jupiter\5.5.0\mockito-junit-jupiter-5.5.0.jar;C:\Users\samnt\.m2\repository\org\skyscreamer\jsonassert\1.5.1\jsonassert-1.5.1.jar;C:\Users\samnt\.m2\repository\com\vaadin\external\google\android-json\0.0.20131108.vaadin1\android-json-0.0.20131108.vaadin1.jar;C:\Users\samnt\.m2\repository\org\springframework\spring-core\6.1.0-M5\spring-core-6.1.0-M5.jar;C:\Users\samnt\.m2\repository\org\springframework\spring-test\6.1.0-M5\spring-test-6.1.0-M5.jar;C:\Users\samnt\.m2\repository\org\xmlunit\xmlunit-core\2.9.1\xmlunit-core-2.9.1.jar;C:\Users\samnt\.m2\repository\org\springframework\boot\spring-boot-testcontainers\3.2.0-SNAPSHOT\spring-boot-testcontainers-3.2.0-SNAPSHOT.jar;C:\Users\samnt\.m2\repository\org\springframework\boot\spring-boot-autoconfigure\3.2.0-SNAPSHOT\spring-boot-autoconfigure-3.2.0-SNAPSHOT.jar;C:\Users\samnt\.m2\repository\org\testcontainers\testcontainers\1.19.0\testcontainers-1.19.0.jar;C:\Users\samnt\.m2\repository\org\apache\commons\commons-compress\1.23.0\commons-compress-1.23.0.jar;C:\Users\samnt\.m2\repository\org\rnorth\duct-tape\duct-tape\1.0.8\duct-tape-1.0.8.jar;C:\Users\samnt\.m2\repository\org\jetbrains\annotations\17.0.0\annotations-17.0.0.jar;C:\Users\samnt\.m2\repository\com\github\docker-java\docker-java-api\3.3.3\docker-java-api-3.3.3.jar;C:\Users\samnt\.m2\repository\com\github\docker-java\docker-java-transport-zerodep\3.3.3\docker-java-transport-zerodep-3.3.3.jar;C:\Users\samnt\.m2\repository\com\github\docker-java\docker-java-transport\3.3.3\docker-java-transport-3.3.3.jar;C:\Users\samnt\.m2\repository\net\java\dev\jna\jna\5.12.1\jna-5.12.1.jar;C:\Users\samnt\.m2\repository\org\springframework\security\spring-security-test\6.2.0-M3\spring-security-test-6.2.0-M3.jar;C:\Users\samnt\.m2\repository\org\springframework\security\spring-security-core\6.2.0-M3\spring-security-core-6.2.0-M3.jar;C:\Users\samnt\.m2\repository\org\springframework\security\spring-security-crypto\6.2.0-M3\spring-security-crypto-6.2.0-M3.jar;C:\Users\samnt\.m2\repository\org\springframework\spring-beans\6.1.0-M5\spring-beans-6.1.0-M5.jar;C:\Users\samnt\.m2\repository\org\springframework\spring-expression\6.1.0-M5\spring-expression-6.1.0-M5.jar;C:\Users\samnt\.m2\repository\org\springframework\security\spring-security-web\6.2.0-M3\spring-security-web-6.2.0-M3.jar;C:\Users\samnt\.m2\repository\com\googlecode\json-simple\json-simple\1.1.1\json-simple-1.1.1.jar;C:\Users\samnt\.m2\repository\junit\junit\4.13.2\junit-4.13.2.jar;C:\Users\samnt\.m2\repository\org\hamcrest\hamcrest-core\2.2\hamcrest-core-2.2.jar;C:\Users\samnt\.m2\repository\org\testcontainers\junit-jupiter\1.19.0\junit-jupiter-1.19.0.jar;C:\Users\samnt\.m2\repository\org\springframework\boot\spring-boot-starter-data-jdbc\3.2.0-SNAPSHOT\spring-boot-starter-data-jdbc-3.2.0-SNAPSHOT.jar;C:\Users\samnt\.m2\repository\org\springframework\boot\spring-boot-starter-jdbc\3.2.0-SNAPSHOT\spring-boot-starter-jdbc-3.2.0-SNAPSHOT.jar;C:\Users\samnt\.m2\repository\com\zaxxer\HikariCP\5.0.1\HikariCP-5.0.1.jar;C:\Users\samnt\.m2\repository\org\springframework\data\spring-data-jdbc\3.2.0-M3\spring-data-jdbc-3.2.0-M3.jar;C:\Users\samnt\.m2\repository\org\springframework\data\spring-data-relational\3.2.0-M3\spring-data-relational-3.2.0-M3.jar;C:\Users\samnt\.m2\repository\com\github\jsqlparser\jsqlparser\4.6\jsqlparser-4.6.jar;C:\Users\samnt\.m2\repository\org\springframework\data\spring-data-commons\3.2.0-M3\spring-data-commons-3.2.0-M3.jar;C:\Users\samnt\.m2\repository\org\springframework\spring-tx\6.1.0-M5\spring-tx-6.1.0-M5.jar;C:\Users\samnt\.m2\repository\org\springframework\boot\spring-boot-starter-mail\3.2.0-SNAPSHOT\spring-boot-starter-mail-3.2.0-SNAPSHOT.jar;C:\Users\samnt\.m2\repository\org\springframework\spring-context-support\6.1.0-M5\spring-context-support-6.1.0-M5.jar;C:\Users\samnt\.m2\repository\org\eclipse\angus\jakarta.mail\2.0.2\jakarta.mail-2.0.2.jar;C:\Users\samnt\.m2\repository\org\eclipse\angus\angus-activation\2.0.1\angus-activation-2.0.1.jar;C:\Users\samnt\.m2\repository\org\springframework\boot\spring-boot-starter-security\3.2.0-SNAPSHOT\spring-boot-starter-security-3.2.0-SNAPSHOT.jar;C:\Users\samnt\.m2\repository\org\springframework\spring-aop\6.1.0-M5\spring-aop-6.1.0-M5.jar;C:\Users\samnt\.m2\repository\org\springframework\security\spring-security-config\6.2.0-M3\spring-security-config-6.2.0-M3.jar;C:\Users\samnt\.m2\repository\org\springframework\session\spring-session-core\3.2.0-M1\spring-session-core-3.2.0-M1.jar;C:\Users\samnt\.m2\repository\org\springframework\spring-jcl\6.1.0-M5\spring-jcl-6.1.0-M5.jar;C:\Users\samnt\.m2\repository\org\springframework\session\spring-session-jdbc\3.2.0-M1\spring-session-jdbc-3.2.0-M1.jar;C:\Users\samnt\.m2\repository\org\springframework\spring-context\6.1.0-M5\spring-context-6.1.0-M5.jar;C:\Users\samnt\.m2\repository\org\springframework\spring-jdbc\6.1.0-M5\spring-jdbc-6.1.0-M5.jar;C:\Users\samnt\.m2\repository\com\mysql\mysql-connector-j\8.1.0\mysql-connector-j-8.1.0.jar;C:\Users\samnt\.m2\repository\org\springframework\boot\spring-boot-starter-data-jpa\3.2.0-SNAPSHOT\spring-boot-starter-data-jpa-3.2.0-SNAPSHOT.jar;C:\Users\samnt\.m2\repository\org\springframework\boot\spring-boot-starter-aop\3.2.0-SNAPSHOT\spring-boot-starter-aop-3.2.0-SNAPSHOT.jar;C:\Users\samnt\.m2\repository\org\aspectj\aspectjweaver\1.9.20\aspectjweaver-1.9.20.jar;C:\Users\samnt\.m2\repository\org\hibernate\orm\hibernate-core\6.3.1.Final\hibernate-core-6.3.1.Final.jar;C:\Users\samnt\.m2\repository\jakarta\persistence\jakarta.persistence-api\3.1.0\jakarta.persistence-api-3.1.0.jar;C:\Users\samnt\.m2\repository\jakarta\transaction\jakarta.transaction-api\2.0.1\jakarta.transaction-api-2.0.1.jar;C:\Users\samnt\.m2\repository\org\jboss\logging\jboss-logging\3.5.3.Final\jboss-logging-3.5.3.Final.jar;C:\Users\samnt\.m2\repository\org\hibernate\common\hibernate-commons-annotations\6.0.6.Final\hibernate-commons-annotations-6.0.6.Final.jar;C:\Users\samnt\.m2\repository\io\smallrye\jandex\3.1.2\jandex-3.1.2.jar;C:\Users\samnt\.m2\repository\com\fasterxml\classmate\1.5.1\classmate-1.5.1.jar;C:\Users\samnt\.m2\repository\org\glassfish\jaxb\jaxb-runtime\4.0.3\jaxb-runtime-4.0.3.jar;C:\Users\samnt\.m2\repository\org\glassfish\jaxb\jaxb-core\4.0.3\jaxb-core-4.0.3.jar;C:\Users\samnt\.m2\repository\org\glassfish\jaxb\txw2\4.0.3\txw2-4.0.3.jar;C:\Users\samnt\.m2\repository\com\sun\istack\istack-commons-runtime\4.1.2\istack-commons-runtime-4.1.2.jar;C:\Users\samnt\.m2\repository\jakarta\inject\jakarta.inject-api\2.0.1\jakarta.inject-api-2.0.1.jar;C:\Users\samnt\.m2\repository\org\antlr\antlr4-runtime\4.10.1\antlr4-runtime-4.10.1.jar;C:\Users\samnt\.m2\repository\org\springframework\data\spring-data-jpa\3.2.0-M3\spring-data-jpa-3.2.0-M3.jar;C:\Users\samnt\.m2\repository\org\springframework\spring-orm\6.1.0-M5\spring-orm-6.1.0-M5.jar;C:\Users\samnt\.m2\repository\org\springframework\spring-aspects\6.1.0-M5\spring-aspects-6.1.0-M5.jar;C:\Users\samnt\.m2\repository\org\springframework\boot\spring-boot-starter-web\3.2.0-SNAPSHOT\spring-boot-starter-web-3.2.0-SNAPSHOT.jar;C:\Users\samnt\.m2\repository\org\springframework\boot\spring-boot-starter-json\3.2.0-SNAPSHOT\spring-boot-starter-json-3.2.0-SNAPSHOT.jar;C:\Users\samnt\.m2\repository\com\fasterxml\jackson\datatype\jackson-datatype-jdk8\2.15.2\jackson-datatype-jdk8-2.15.2.jar;C:\Users\samnt\.m2\repository\com\fasterxml\jackson\module\jackson-module-parameter-names\2.15.2\jackson-module-parameter-names-2.15.2.jar;C:\Users\samnt\.m2\repository\org\springframework\boot\spring-boot-starter-tomcat\3.2.0-SNAPSHOT\spring-boot-starter-tomcat-3.2.0-SNAPSHOT.jar;C:\Users\samnt\.m2\repository\org\apache\tomcat\embed\tomcat-embed-core\10.1.13\tomcat-embed-core-10.1.13.jar;C:\Users\samnt\.m2\repository\org\apache\tomcat\embed\tomcat-embed-el\10.1.13\tomcat-embed-el-10.1.13.jar;C:\Users\samnt\.m2\repository\org\apache\tomcat\embed\tomcat-embed-websocket\10.1.13\tomcat-embed-websocket-10.1.13.jar;C:\Users\samnt\.m2\repository\org\springframework\spring-web\6.1.0-M5\spring-web-6.1.0-M5.jar;C:\Users\samnt\.m2\repository\org\springframework\spring-webmvc\6.1.0-M5\spring-webmvc-6.1.0-M5.jar;C:\Users\samnt\.m2\repository\org\springframework\boot\spring-boot-starter-thymeleaf\3.2.0-SNAPSHOT\spring-boot-starter-thymeleaf-3.2.0-SNAPSHOT.jar;C:\Users\samnt\.m2\repository\org\thymeleaf\thymeleaf-spring6\3.1.2.RELEASE\thymeleaf-spring6-3.1.2.RELEASE.jar;C:\Users\samnt\.m2\repository\org\thymeleaf\thymeleaf\3.1.2.RELEASE\thymeleaf-3.1.2.RELEASE.jar;C:\Users\samnt\.m2\repository\org\attoparser\attoparser\2.0.7.RELEASE\attoparser-2.0.7.RELEASE.jar;C:\Users\samnt\.m2\repository\org\unbescape\unbescape\1.1.6.RELEASE\unbescape-1.1.6.RELEASE.jar;C:\Users\samnt\.m2\repository\org\slf4j\slf4j-api\2.0.9\slf4j-api-2.0.9.jar;"/>
    <property name="java.vm.vendor" value="Oracle Corporation"/>
    <property name="sun.arch.data.model" value="64"/>
    <property name="user.variant" value=""/>
    <property name="java.vendor.url" value="https://java.oracle.com/"/>
    <property name="user.timezone" value="Africa/Johannesburg"/>
    <property name="org.jboss.logging.provider" value="slf4j"/>
    <property name="os.name" value="Windows 11"/>
    <property name="java.vm.specification.version" value="20"/>
    <property name="sun.java.launcher" value="SUN_STANDARD"/>
    <property name="user.country" value="ZA"/>
    <property name="sun.boot.library.path" value="C:\Program Files\Java\jdk-20\bin"/>
    <property name="sun.java.command" value="C:\Users\samnt\AppData\Local\Temp\surefire13517611425281813037\surefirebooter-20230925164542563_3.jar C:\Users\samnt\AppData\Local\Temp\surefire13517611425281813037 2023-09-25T16-45-41_810-jvmRun1 surefire-20230925164542563_1tmp surefire_0-20230925164542563_2tmp"/>
    <property name="jdk.debug" value="release"/>
    <property name="surefire.test.class.path" value="C:\Users\samnt\OneDrive - University of Cape Town\Documents\project_start_up-Mduduzi\project_start_up-Mduduzi\demo\target\test-classes;C:\Users\samnt\OneDrive - University of Cape Town\Documents\project_start_up-Mduduzi\project_start_up-Mduduzi\demo\target\classes;C:\Users\samnt\.m2\repository\org\springframework\boot\spring-boot-starter-actuator\3.2.0-SNAPSHOT\spring-boot-starter-actuator-3.2.0-SNAPSHOT.jar;C:\Users\samnt\.m2\repository\org\springframework\boot\spring-boot-starter\3.2.0-SNAPSHOT\spring-boot-starter-3.2.0-SNAPSHOT.jar;C:\Users\samnt\.m2\repository\org\springframework\boot\spring-boot\3.2.0-SNAPSHOT\spring-boot-3.2.0-SNAPSHOT.jar;C:\Users\samnt\.m2\repository\org\springframework\boot\spring-boot-starter-logging\3.2.0-SNAPSHOT\spring-boot-starter-logging-3.2.0-SNAPSHOT.jar;C:\Users\samnt\.m2\repository\ch\qos\logback\logback-classic\1.4.11\logback-classic-1.4.11.jar;C:\Users\samnt\.m2\repository\ch\qos\logback\logback-core\1.4.11\logback-core-1.4.11.jar;C:\Users\samnt\.m2\repository\org\apache\logging\log4j\log4j-to-slf4j\2.20.0\log4j-to-slf4j-2.20.0.jar;C:\Users\samnt\.m2\repository\org\apache\logging\log4j\log4j-api\2.20.0\log4j-api-2.20.0.jar;C:\Users\samnt\.m2\repository\org\slf4j\jul-to-slf4j\2.0.9\jul-to-slf4j-2.0.9.jar;C:\Users\samnt\.m2\repository\jakarta\annotation\jakarta.annotation-api\2.1.1\jakarta.annotation-api-2.1.1.jar;C:\Users\samnt\.m2\repository\org\yaml\snakeyaml\2.2\snakeyaml-2.2.jar;C:\Users\samnt\.m2\repository\org\springframework\boot\spring-boot-actuator-autoconfigure\3.2.0-SNAPSHOT\spring-boot-actuator-autoconfigure-3.2.0-SNAPSHOT.jar;C:\Users\samnt\.m2\repository\org\springframework\boot\spring-boot-actuator\3.2.0-SNAPSHOT\spring-boot-actuator-3.2.0-SNAPSHOT.jar;C:\Users\samnt\.m2\repository\com\fasterxml\jackson\core\jackson-databind\2.15.2\jackson-databind-2.15.2.jar;C:\Users\samnt\.m2\repository\com\fasterxml\jackson\core\jackson-annotations\2.15.2\jackson-annotations-2.15.2.jar;C:\Users\samnt\.m2\repository\com\fasterxml\jackson\core\jackson-core\2.15.2\jackson-core-2.15.2.jar;C:\Users\samnt\.m2\repository\com\fasterxml\jackson\datatype\jackson-datatype-jsr310\2.15.2\jackson-datatype-jsr310-2.15.2.jar;C:\Users\samnt\.m2\repository\io\micrometer\micrometer-observation\1.12.0-M3\micrometer-observation-1.12.0-M3.jar;C:\Users\samnt\.m2\repository\io\micrometer\micrometer-commons\1.12.0-M3\micrometer-commons-1.12.0-M3.jar;C:\Users\samnt\.m2\repository\io\micrometer\micrometer-core\1.12.0-M3\micrometer-core-1.12.0-M3.jar;C:\Users\samnt\.m2\repository\org\hdrhistogram\HdrHistogram\2.1.12\HdrHistogram-2.1.12.jar;C:\Users\samnt\.m2\repository\org\latencyutils\LatencyUtils\2.0.3\LatencyUtils-2.0.3.jar;C:\Users\samnt\.m2\repository\org\springframework\boot\spring-boot-starter-test\3.2.0-SNAPSHOT\spring-boot-starter-test-3.2.0-SNAPSHOT.jar;C:\Users\samnt\.m2\repository\org\springframework\boot\spring-boot-test\3.2.0-SNAPSHOT\spring-boot-test-3.2.0-SNAPSHOT.jar;C:\Users\samnt\.m2\repository\org\springframework\boot\spring-boot-test-autoconfigure\3.2.0-SNAPSHOT\spring-boot-test-autoconfigure-3.2.0-SNAPSHOT.jar;C:\Users\samnt\.m2\repository\com\jayway\jsonpath\json-path\2.8.0\json-path-2.8.0.jar;C:\Users\samnt\.m2\repository\jakarta\xml\bind\jakarta.xml.bind-api\4.0.1\jakarta.xml.bind-api-4.0.1.jar;C:\Users\samnt\.m2\repository\jakarta\activation\jakarta.activation-api\2.1.2\jakarta.activation-api-2.1.2.jar;C:\Users\samnt\.m2\repository\net\minidev\json-smart\2.5.0\json-smart-2.5.0.jar;C:\Users\samnt\.m2\repository\net\minidev\accessors-smart\2.5.0\accessors-smart-2.5.0.jar;C:\Users\samnt\.m2\repository\org\ow2\asm\asm\9.3\asm-9.3.jar;C:\Users\samnt\.m2\repository\org\assertj\assertj-core\3.24.2\assertj-core-3.24.2.jar;C:\Users\samnt\.m2\repository\net\bytebuddy\byte-buddy\1.14.8\byte-buddy-1.14.8.jar;C:\Users\samnt\.m2\repository\org\hamcrest\hamcrest\2.2\hamcrest-2.2.jar;C:\Users\samnt\.m2\repository\org\junit\jupiter\junit-jupiter\5.10.0\junit-jupiter-5.10.0.jar;C:\Users\samnt\.m2\repository\org\junit\jupiter\junit-jupiter-api\5.10.0\junit-jupiter-api-5.10.0.jar;C:\Users\samnt\.m2\repository\org\opentest4j\opentest4j\1.3.0\opentest4j-1.3.0.jar;C:\Users\samnt\.m2\repository\org\junit\platform\junit-platform-commons\1.10.0\junit-platform-commons-1.10.0.jar;C:\Users\samnt\.m2\repository\org\apiguardian\apiguardian-api\1.1.2\apiguardian-api-1.1.2.jar;C:\Users\samnt\.m2\repository\org\junit\jupiter\junit-jupiter-params\5.10.0\junit-jupiter-params-5.10.0.jar;C:\Users\samnt\.m2\repository\org\junit\jupiter\junit-jupiter-engine\5.10.0\junit-jupiter-engine-5.10.0.jar;C:\Users\samnt\.m2\repository\org\junit\platform\junit-platform-engine\1.10.0\junit-platform-engine-1.10.0.jar;C:\Users\samnt\.m2\repository\org\mockito\mockito-core\5.5.0\mockito-core-5.5.0.jar;C:\Users\samnt\.m2\repository\net\bytebuddy\byte-buddy-agent\1.14.8\byte-buddy-agent-1.14.8.jar;C:\Users\samnt\.m2\repository\org\objenesis\objenesis\3.3\objenesis-3.3.jar;C:\Users\samnt\.m2\repository\org\mockito\mockito-junit-jupiter\5.5.0\mockito-junit-jupiter-5.5.0.jar;C:\Users\samnt\.m2\repository\org\skyscreamer\jsonassert\1.5.1\jsonassert-1.5.1.jar;C:\Users\samnt\.m2\repository\com\vaadin\external\google\android-json\0.0.20131108.vaadin1\android-json-0.0.20131108.vaadin1.jar;C:\Users\samnt\.m2\repository\org\springframework\spring-core\6.1.0-M5\spring-core-6.1.0-M5.jar;C:\Users\samnt\.m2\repository\org\springframework\spring-test\6.1.0-M5\spring-test-6.1.0-M5.jar;C:\Users\samnt\.m2\repository\org\xmlunit\xmlunit-core\2.9.1\xmlunit-core-2.9.1.jar;C:\Users\samnt\.m2\repository\org\springframework\boot\spring-boot-testcontainers\3.2.0-SNAPSHOT\spring-boot-testcontainers-3.2.0-SNAPSHOT.jar;C:\Users\samnt\.m2\repository\org\springframework\boot\spring-boot-autoconfigure\3.2.0-SNAPSHOT\spring-boot-autoconfigure-3.2.0-SNAPSHOT.jar;C:\Users\samnt\.m2\repository\org\testcontainers\testcontainers\1.19.0\testcontainers-1.19.0.jar;C:\Users\samnt\.m2\repository\org\apache\commons\commons-compress\1.23.0\commons-compress-1.23.0.jar;C:\Users\samnt\.m2\repository\org\rnorth\duct-tape\duct-tape\1.0.8\duct-tape-1.0.8.jar;C:\Users\samnt\.m2\repository\org\jetbrains\annotations\17.0.0\annotations-17.0.0.jar;C:\Users\samnt\.m2\repository\com\github\docker-java\docker-java-api\3.3.3\docker-java-api-3.3.3.jar;C:\Users\samnt\.m2\repository\com\github\docker-java\docker-java-transport-zerodep\3.3.3\docker-java-transport-zerodep-3.3.3.jar;C:\Users\samnt\.m2\repository\com\github\docker-java\docker-java-transport\3.3.3\docker-java-transport-3.3.3.jar;C:\Users\samnt\.m2\repository\net\java\dev\jna\jna\5.12.1\jna-5.12.1.jar;C:\Users\samnt\.m2\repository\org\springframework\security\spring-security-test\6.2.0-M3\spring-security-test-6.2.0-M3.jar;C:\Users\samnt\.m2\repository\org\springframework\security\spring-security-core\6.2.0-M3\spring-security-core-6.2.0-M3.jar;C:\Users\samnt\.m2\repository\org\springframework\security\spring-security-crypto\6.2.0-M3\spring-security-crypto-6.2.0-M3.jar;C:\Users\samnt\.m2\repository\org\springframework\spring-beans\6.1.0-M5\spring-beans-6.1.0-M5.jar;C:\Users\samnt\.m2\repository\org\springframework\spring-expression\6.1.0-M5\spring-expression-6.1.0-M5.jar;C:\Users\samnt\.m2\repository\org\springframework\security\spring-security-web\6.2.0-M3\spring-security-web-6.2.0-M3.jar;C:\Users\samnt\.m2\repository\com\googlecode\json-simple\json-simple\1.1.1\json-simple-1.1.1.jar;C:\Users\samnt\.m2\repository\junit\junit\4.13.2\junit-4.13.2.jar;C:\Users\samnt\.m2\repository\org\hamcrest\hamcrest-core\2.2\hamcrest-core-2.2.jar;C:\Users\samnt\.m2\repository\org\testcontainers\junit-jupiter\1.19.0\junit-jupiter-1.19.0.jar;C:\Users\samnt\.m2\repository\org\springframework\boot\spring-boot-starter-data-jdbc\3.2.0-SNAPSHOT\spring-boot-starter-data-jdbc-3.2.0-SNAPSHOT.jar;C:\Users\samnt\.m2\repository\org\springframework\boot\spring-boot-starter-jdbc\3.2.0-SNAPSHOT\spring-boot-starter-jdbc-3.2.0-SNAPSHOT.jar;C:\Users\samnt\.m2\repository\com\zaxxer\HikariCP\5.0.1\HikariCP-5.0.1.jar;C:\Users\samnt\.m2\repository\org\springframework\data\spring-data-jdbc\3.2.0-M3\spring-data-jdbc-3.2.0-M3.jar;C:\Users\samnt\.m2\repository\org\springframework\data\spring-data-relational\3.2.0-M3\spring-data-relational-3.2.0-M3.jar;C:\Users\samnt\.m2\repository\com\github\jsqlparser\jsqlparser\4.6\jsqlparser-4.6.jar;C:\Users\samnt\.m2\repository\org\springframework\data\spring-data-commons\3.2.0-M3\spring-data-commons-3.2.0-M3.jar;C:\Users\samnt\.m2\repository\org\springframework\spring-tx\6.1.0-M5\spring-tx-6.1.0-M5.jar;C:\Users\samnt\.m2\repository\org\springframework\boot\spring-boot-starter-mail\3.2.0-SNAPSHOT\spring-boot-starter-mail-3.2.0-SNAPSHOT.jar;C:\Users\samnt\.m2\repository\org\springframework\spring-context-support\6.1.0-M5\spring-context-support-6.1.0-M5.jar;C:\Users\samnt\.m2\repository\org\eclipse\angus\jakarta.mail\2.0.2\jakarta.mail-2.0.2.jar;C:\Users\samnt\.m2\repository\org\eclipse\angus\angus-activation\2.0.1\angus-activation-2.0.1.jar;C:\Users\samnt\.m2\repository\org\springframework\boot\spring-boot-starter-security\3.2.0-SNAPSHOT\spring-boot-starter-security-3.2.0-SNAPSHOT.jar;C:\Users\samnt\.m2\repository\org\springframework\spring-aop\6.1.0-M5\spring-aop-6.1.0-M5.jar;C:\Users\samnt\.m2\repository\org\springframework\security\spring-security-config\6.2.0-M3\spring-security-config-6.2.0-M3.jar;C:\Users\samnt\.m2\repository\org\springframework\session\spring-session-core\3.2.0-M1\spring-session-core-3.2.0-M1.jar;C:\Users\samnt\.m2\repository\org\springframework\spring-jcl\6.1.0-M5\spring-jcl-6.1.0-M5.jar;C:\Users\samnt\.m2\repository\org\springframework\session\spring-session-jdbc\3.2.0-M1\spring-session-jdbc-3.2.0-M1.jar;C:\Users\samnt\.m2\repository\org\springframework\spring-context\6.1.0-M5\spring-context-6.1.0-M5.jar;C:\Users\samnt\.m2\repository\org\springframework\spring-jdbc\6.1.0-M5\spring-jdbc-6.1.0-M5.jar;C:\Users\samnt\.m2\repository\com\mysql\mysql-connector-j\8.1.0\mysql-connector-j-8.1.0.jar;C:\Users\samnt\.m2\repository\org\springframework\boot\spring-boot-starter-data-jpa\3.2.0-SNAPSHOT\spring-boot-starter-data-jpa-3.2.0-SNAPSHOT.jar;C:\Users\samnt\.m2\repository\org\springframework\boot\spring-boot-starter-aop\3.2.0-SNAPSHOT\spring-boot-starter-aop-3.2.0-SNAPSHOT.jar;C:\Users\samnt\.m2\repository\org\aspectj\aspectjweaver\1.9.20\aspectjweaver-1.9.20.jar;C:\Users\samnt\.m2\repository\org\hibernate\orm\hibernate-core\6.3.1.Final\hibernate-core-6.3.1.Final.jar;C:\Users\samnt\.m2\repository\jakarta\persistence\jakarta.persistence-api\3.1.0\jakarta.persistence-api-3.1.0.jar;C:\Users\samnt\.m2\repository\jakarta\transaction\jakarta.transaction-api\2.0.1\jakarta.transaction-api-2.0.1.jar;C:\Users\samnt\.m2\repository\org\jboss\logging\jboss-logging\3.5.3.Final\jboss-logging-3.5.3.Final.jar;C:\Users\samnt\.m2\repository\org\hibernate\common\hibernate-commons-annotations\6.0.6.Final\hibernate-commons-annotations-6.0.6.Final.jar;C:\Users\samnt\.m2\repository\io\smallrye\jandex\3.1.2\jandex-3.1.2.jar;C:\Users\samnt\.m2\repository\com\fasterxml\classmate\1.5.1\classmate-1.5.1.jar;C:\Users\samnt\.m2\repository\org\glassfish\jaxb\jaxb-runtime\4.0.3\jaxb-runtime-4.0.3.jar;C:\Users\samnt\.m2\repository\org\glassfish\jaxb\jaxb-core\4.0.3\jaxb-core-4.0.3.jar;C:\Users\samnt\.m2\repository\org\glassfish\jaxb\txw2\4.0.3\txw2-4.0.3.jar;C:\Users\samnt\.m2\repository\com\sun\istack\istack-commons-runtime\4.1.2\istack-commons-runtime-4.1.2.jar;C:\Users\samnt\.m2\repository\jakarta\inject\jakarta.inject-api\2.0.1\jakarta.inject-api-2.0.1.jar;C:\Users\samnt\.m2\repository\org\antlr\antlr4-runtime\4.10.1\antlr4-runtime-4.10.1.jar;C:\Users\samnt\.m2\repository\org\springframework\data\spring-data-jpa\3.2.0-M3\spring-data-jpa-3.2.0-M3.jar;C:\Users\samnt\.m2\repository\org\springframework\spring-orm\6.1.0-M5\spring-orm-6.1.0-M5.jar;C:\Users\samnt\.m2\repository\org\springframework\spring-aspects\6.1.0-M5\spring-aspects-6.1.0-M5.jar;C:\Users\samnt\.m2\repository\org\springframework\boot\spring-boot-starter-web\3.2.0-SNAPSHOT\spring-boot-starter-web-3.2.0-SNAPSHOT.jar;C:\Users\samnt\.m2\repository\org\springframework\boot\spring-boot-starter-json\3.2.0-SNAPSHOT\spring-boot-starter-json-3.2.0-SNAPSHOT.jar;C:\Users\samnt\.m2\repository\com\fasterxml\jackson\datatype\jackson-datatype-jdk8\2.15.2\jackson-datatype-jdk8-2.15.2.jar;C:\Users\samnt\.m2\repository\com\fasterxml\jackson\module\jackson-module-parameter-names\2.15.2\jackson-module-parameter-names-2.15.2.jar;C:\Users\samnt\.m2\repository\org\springframework\boot\spring-boot-starter-tomcat\3.2.0-SNAPSHOT\spring-boot-starter-tomcat-3.2.0-SNAPSHOT.jar;C:\Users\samnt\.m2\repository\org\apache\tomcat\embed\tomcat-embed-core\10.1.13\tomcat-embed-core-10.1.13.jar;C:\Users\samnt\.m2\repository\org\apache\tomcat\embed\tomcat-embed-el\10.1.13\tomcat-embed-el-10.1.13.jar;C:\Users\samnt\.m2\repository\org\apache\tomcat\embed\tomcat-embed-websocket\10.1.13\tomcat-embed-websocket-10.1.13.jar;C:\Users\samnt\.m2\repository\org\springframework\spring-web\6.1.0-M5\spring-web-6.1.0-M5.jar;C:\Users\samnt\.m2\repository\org\springframework\spring-webmvc\6.1.0-M5\spring-webmvc-6.1.0-M5.jar;C:\Users\samnt\.m2\repository\org\springframework\boot\spring-boot-starter-thymeleaf\3.2.0-SNAPSHOT\spring-boot-starter-thymeleaf-3.2.0-SNAPSHOT.jar;C:\Users\samnt\.m2\repository\org\thymeleaf\thymeleaf-spring6\3.1.2.RELEASE\thymeleaf-spring6-3.1.2.RELEASE.jar;C:\Users\samnt\.m2\repository\org\thymeleaf\thymeleaf\3.1.2.RELEASE\thymeleaf-3.1.2.RELEASE.jar;C:\Users\samnt\.m2\repository\org\attoparser\attoparser\2.0.7.RELEASE\attoparser-2.0.7.RELEASE.jar;C:\Users\samnt\.m2\repository\org\unbescape\unbescape\1.1.6.RELEASE\unbescape-1.1.6.RELEASE.jar;C:\Users\samnt\.m2\repository\org\slf4j\slf4j-api\2.0.9\slf4j-api-2.0.9.jar;"/>
    <property name="sun.cpu.endian" value="little"/>
    <property name="user.home" value="C:\Users\samnt"/>
    <property name="user.language" value="en"/>
    <property name="java.specification.vendor" value="Oracle Corporation"/>
    <property name="java.version.date" value="2023-07-18"/>
    <property name="java.home" value="C:\Program Files\Java\jdk-20"/>
    <property name="file.separator" value="\"/>
    <property name="basedir" value="C:\Users\samnt\OneDrive - University of Cape Town\Documents\project_start_up-Mduduzi\project_start_up-Mduduzi\demo"/>
    <property name="java.vm.compressedOopsMode" value="32-bit"/>
    <property name="line.separator" value="&#10;"/>
    <property name="java.vm.specification.vendor" value="Oracle Corporation"/>
    <property name="java.specification.name" value="Java Platform API Specification"/>
    <property name="FILE_LOG_CHARSET" value="UTF-8"/>
    <property name="java.awt.headless" value="true"/>
    <property name="surefire.real.class.path" value="C:\Users\samnt\AppData\Local\Temp\surefire13517611425281813037\surefirebooter-20230925164542563_3.jar"/>
    <property name="user.script" value=""/>
    <property name="sun.management.compiler" value="HotSpot 64-Bit Tiered Compilers"/>
    <property name="java.runtime.version" value="20.0.2+9-78"/>
    <property name="user.name" value="samnt"/>
    <property name="stdout.encoding" value="Cp1252"/>
    <property name="path.separator" value=";"/>
    <property name="os.version" value="10.0"/>
    <property name="java.runtime.name" value="Java(TM) SE Runtime Environment"/>
    <property name="file.encoding" value="UTF-8"/>
    <property name="java.vm.name" value="Java HotSpot(TM) 64-Bit Server VM"/>
    <property name="localRepository" value="C:\Users\samnt\.m2\repository"/>
    <property name="java.vendor.url.bug" value="https://bugreport.java.com/bugreport/"/>
    <property name="java.io.tmpdir" value="C:\Users\samnt\AppData\Local\Temp\"/>
    <property name="com.zaxxer.hikari.pool_number" value="1"/>
    <property name="java.version" value="20.0.2"/>
    <property name="user.dir" value="C:\Users\samnt\OneDrive - University of Cape Town\Documents\project_start_up-Mduduzi\project_start_up-Mduduzi\demo"/>
    <property name="os.arch" value="amd64"/>
    <property name="java.vm.specification.name" value="Java Virtual Machine Specification"/>
    <property name="PID" value="23560"/>
    <property name="sun.os.patch.level" value=""/>
    <property name="CONSOLE_LOG_CHARSET" value="UTF-8"/>
    <property name="native.encoding" value="Cp1252"/>
    <property name="java.library.path" value="C:\Program Files\Java\jdk-20\bin;C:\WINDOWS\Sun\Java\bin;C:\WINDOWS\system32;C:\WINDOWS;C:\Python311\Scripts\;C:\Python311\;C:\Program Files (x86)\Embarcadero\RAD Studio\7.0\bin;C:\Users\Public\Documents\RAD Studio\7.0\Bpl;C:\Program Files\Common Files\Oracle\Java\javapath;C:\WINDOWS\system32;C:\WINDOWS;C:\WINDOWS\System32\Wbem;C:\WINDOWS\System32\WindowsPowerShell\v1.0\;C:\WINDOWS\System32\OpenSSH\;C:\Program Files\dotnet\;C:\Program Files\Git\cmd;C:\Program Files\PuTTY\;C:\Program Files\Microsoft SQL Server\150\Tools\Binn\;C:\Program Files\Microsoft SQL Server\Client SDK\ODBC\170\Tools\Binn\;C:\Program Files\nodejs\;C:\ProgramData\chocolatey\bin;C:\Program Files\Maven\apache-maven-3.9.4-bin\apache-maven-3.9.4\bin;C:\Program Files\Maven\apache-maven-3.9.4-bin\apache-maven-3.9.4\bin;C:\Program Files\MySQL\MySQL Shell 8.0\bin\;C:\Users\samnt\AppData\Local\Microsoft\WindowsApps;C:\MinGW\bin;C:\ffmpeg\bin;C:\Users\samnt\AppData\Local\Programs\Microsoft VS Code\bin;C:\Users\samnt\.dotnet\tools;C:\Users\samnt\AppData\Roaming\npm;."/>
    <property name="java.vm.info" value="mixed mode, sharing"/>
    <property name="stderr.encoding" value="Cp1252"/>
    <property name="java.vendor" value="Oracle Corporation"/>
    <property name="java.vm.version" value="20.0.2+9-78"/>
    <property name="sun.io.unicode.encoding" value="UnicodeLittle"/>
    <property name="java.class.version" value="64.0"/>
  </properties>
  <testcase name="addCourseTest" classname="com.mytutor.demo.DemoApplicationTests" time="3.329">
    <system-out><![CDATA[16:45:46.716 [main] INFO org.springframework.test.context.support.AnnotationConfigContextLoaderUtils -- Could not detect default configuration classes for test class [com.mytutor.demo.DemoApplicationTests]: DemoApplicationTests does not declare any static, non-private, non-final, nested classes annotated with @Configuration.
16:45:47.422 [main] INFO org.springframework.boot.test.context.SpringBootTestContextBootstrapper -- Found @SpringBootConfiguration com.mytutor.demo.DemoApplication for test class com.mytutor.demo.DemoApplicationTests

  .   ____          _            __ _ _
 /\\ / ___'_ __ _ _(_)_ __  __ _ \ \ \ \
( ( )\___ | '_ | '_| | '_ \/ _` | \ \ \ \
 \\/  ___)| |_)| | | | | || (_| |  ) ) ) )
  '  |____| .__|_| |_|_| |_\__, | / / / /
 =========|_|==============|___/=/_/_/_/
 :: Spring Boot ::       (v3.2.0-SNAPSHOT)

2023-09-25T16:45:52.502+02:00  INFO 23560 --- [           main] com.mytutor.demo.DemoApplicationTests    : Starting DemoApplicationTests using Java 20.0.2 with PID 23560 (started by samnt in C:\Users\samnt\OneDrive - University of Cape Town\Documents\project_start_up-Mduduzi\project_start_up-Mduduzi\demo)
2023-09-25T16:45:52.502+02:00  INFO 23560 --- [           main] com.mytutor.demo.DemoApplicationTests    : No active profile set, falling back to 1 default profile: "default"
2023-09-25T16:45:56.900+02:00  INFO 23560 --- [           main] .s.d.r.c.RepositoryConfigurationDelegate : Multiple Spring Data modules found, entering strict repository configuration mode
2023-09-25T16:45:56.900+02:00  INFO 23560 --- [           main] .s.d.r.c.RepositoryConfigurationDelegate : Bootstrapping Spring Data JDBC repositories in DEFAULT mode.
2023-09-25T16:45:57.047+02:00  INFO 23560 --- [           main] .s.d.r.c.RepositoryConfigurationDelegate : Finished Spring Data repository scanning in 126 ms. Found 0 JDBC repository interfaces.
2023-09-25T16:45:57.096+02:00  INFO 23560 --- [           main] .s.d.r.c.RepositoryConfigurationDelegate : Multiple Spring Data modules found, entering strict repository configuration mode
2023-09-25T16:45:57.096+02:00  INFO 23560 --- [           main] .s.d.r.c.RepositoryConfigurationDelegate : Bootstrapping Spring Data JPA repositories in DEFAULT mode.
2023-09-25T16:45:57.164+02:00  INFO 23560 --- [           main] .s.d.r.c.RepositoryConfigurationDelegate : Finished Spring Data repository scanning in 41 ms. Found 0 JPA repository interfaces.
2023-09-25T16:46:00.317+02:00  INFO 23560 --- [           main] o.hibernate.jpa.internal.util.LogHelper  : HHH000204: Processing PersistenceUnitInfo [name: default]
2023-09-25T16:46:00.605+02:00  INFO 23560 --- [           main] org.hibernate.Version                    : HHH000412: Hibernate ORM core version 6.3.1.Final
2023-09-25T16:46:00.732+02:00  INFO 23560 --- [           main] o.h.c.internal.RegionFactoryInitiator    : HHH000026: Second-level cache disabled
2023-09-25T16:46:01.974+02:00  INFO 23560 --- [           main] o.s.o.j.p.SpringPersistenceUnitInfo      : No LoadTimeWeaver setup: ignoring JPA class transformer
2023-09-25T16:46:02.103+02:00  INFO 23560 --- [           main] com.zaxxer.hikari.HikariDataSource       : HikariPool-1 - Starting...
2023-09-25T16:46:02.190+02:00  INFO 23560 --- [           main] com.zaxxer.hikari.pool.HikariPool        : HikariPool-1 - Added connection com.mysql.cj.jdbc.ConnectionImpl@5e055ce1
2023-09-25T16:46:02.198+02:00  INFO 23560 --- [           main] com.zaxxer.hikari.HikariDataSource       : HikariPool-1 - Start completed.
2023-09-25T16:46:02.372+02:00  WARN 23560 --- [           main] org.hibernate.orm.deprecation            : HHH90000025: MySQLDialect does not need to be specified explicitly using 'hibernate.dialect' (remove the property setting and it will be selected by default)
2023-09-25T16:46:04.049+02:00  INFO 23560 --- [           main] o.h.e.t.j.p.i.JtaPlatformInitiator       : HHH000489: No JTA platform available (set 'hibernate.transaction.jta.platform' to enable JTA platform integration)
2023-09-25T16:46:04.066+02:00  INFO 23560 --- [           main] j.LocalContainerEntityManagerFactoryBean : Initialized JPA EntityManagerFactory for persistence unit 'default'
2023-09-25T16:46:04.287+02:00  INFO 23560 --- [           main] f.a.AutowiredAnnotationBeanPostProcessor : Autowired annotation is not supported on static fields: private static com.mytutor.demo.EmailFiles.EmailSenderService com.mytutor.demo.EmailFiles.EmailController.emailService
2023-09-25T16:46:04.907+02:00  WARN 23560 --- [           main] JpaBaseConfiguration$JpaWebConfiguration : spring.jpa.open-in-view is enabled by default. Therefore, database queries may be performed during view rendering. Explicitly configure spring.jpa.open-in-view to disable this warning
org.springframework.security.authentication.dao.DaoAuthenticationProvider@41d53813
2023-09-25T16:46:08.018+02:00  INFO 23560 --- [           main] o.s.b.a.e.web.EndpointLinksResolver      : Exposing 1 endpoint(s) beneath base path '/actuator'
2023-09-25T16:46:08.148+02:00  INFO 23560 --- [           main] o.s.s.web.DefaultSecurityFilterChain     : Will secure any request with [org.springframework.security.web.session.DisableEncodeUrlFilter@28c00acd, org.springframework.security.web.session.ForceEagerSessionCreationFilter@590f806a, org.springframework.security.web.context.request.async.WebAsyncManagerIntegrationFilter@2267b0bb, org.springframework.security.web.context.SecurityContextHolderFilter@b791e6e, org.springframework.security.web.header.HeaderWriterFilter@2681185e, org.springframework.web.filter.CorsFilter@20505460, org.springframework.security.web.csrf.CsrfFilter@222eda8a, org.springframework.security.web.authentication.logout.LogoutFilter@45964b9e, org.springframework.security.web.authentication.UsernamePasswordAuthenticationFilter@4629dde5, org.springframework.security.web.session.ConcurrentSessionFilter@4fe3f9ef, org.springframework.security.web.savedrequest.RequestCacheAwareFilter@4a34de5e, org.springframework.security.web.servletapi.SecurityContextHolderAwareRequestFilter@510bd87a, org.springframework.security.web.authentication.AnonymousAuthenticationFilter@8eeb4c5, org.springframework.security.web.session.SessionManagementFilter@1701beb3, org.springframework.security.web.access.ExceptionTranslationFilter@7304ca87, org.springframework.security.web.access.intercept.AuthorizationFilter@467421cc]
2023-09-25T16:46:13.383+02:00  INFO 23560 --- [           main] com.mytutor.demo.DemoApplicationTests    : Started DemoApplicationTests in 22.322 seconds (process running for 29.174)
2023-09-25T16:46:13.829+02:00  INFO 23560 --- [           main] f.a.AutowiredAnnotationBeanPostProcessor : Autowired annotation is not supported on static fields: static com.mytutor.demo.DatabaseControllers.DatabaseQueryController com.mytutor.demo.DemoApplicationTests.dbQueryController
2023-09-25T16:46:13.829+02:00  INFO 23560 --- [           main] f.a.AutowiredAnnotationBeanPostProcessor : Autowired annotation is not supported on static fields: static com.mytutor.demo.DatabaseControllers.DatabaseCreateController com.mytutor.demo.DemoApplicationTests.dbCreateController
2023-09-25T16:46:13.829+02:00  INFO 23560 --- [           main] f.a.AutowiredAnnotationBeanPostProcessor : Autowired annotation is not supported on static fields: static com.mytutor.demo.DatabaseControllers.DatabaseDeleteController com.mytutor.demo.DemoApplicationTests.dbDeleteController
]]></system-out>
  </testcase>
  <testcase name="addLoginDetails" classname="com.mytutor.demo.DemoApplicationTests" time="0.579"/>
  <testcase name="userLoginTest" classname="com.mytutor.demo.DemoApplicationTests" time="0.386"/>
  <testcase name="personTest" classname="com.mytutor.demo.DemoApplicationTests" time="0.079"/>
  <testcase name="activityTest" classname="com.mytutor.demo.DemoApplicationTests" time="0.101">
    <system-out><![CDATA[Activity details successfully added
]]></system-out>
  </testcase>
</testsuite>